Using pre-set license
Built from '2020.3/staging' branch; Version is '2020.3.17f1 (a4537701e4ab) revision 10769271'; Using compiler version '192528614'; Build Type 'Release'
OS: 'Windows 10 Pro; OS build 19043.1266; Version 2009; 64bit' Language: 'en' Physical Memory: 32575 MB
BatchMode: 1, IsHumanControllingUs: 0, StartBugReporterOnCrash: 0, Is64bit: 1, IsPro: 0

COMMAND LINE ARGUMENTS:
C:\Program Files\Unity\Hub\Editor\2020.3.17f1\Editor\Unity.exe
-adb2
-batchMode
-noUpm
-name
AssetImportWorker0
-projectPath
D:/OneDrive/College/Fall 2021 (FSU)/CEN4090L/Project/Group10_Zelda_Game/The Tale of Lank
-logFile
Logs/AssetImportWorker0.log
-srvPort
50270
Successfully changed project path to: D:/OneDrive/College/Fall 2021 (FSU)/CEN4090L/Project/Group10_Zelda_Game/The Tale of Lank
D:/OneDrive/College/Fall 2021 (FSU)/CEN4090L/Project/Group10_Zelda_Game/The Tale of Lank
Using Asset Import Pipeline V2.
Refreshing native plugins compatible for Editor in 55.20 ms, found 3 plugins.
Preloading 0 native plugins for Editor in 0.00 ms.
Initialize engine version: 2020.3.17f1 (a4537701e4ab)
[Subsystems] Discovering subsystems at path C:/Program Files/Unity/Hub/Editor/2020.3.17f1/Editor/Data/Resources/UnitySubsystems
[Subsystems] Discovering subsystems at path D:/OneDrive/College/Fall 2021 (FSU)/CEN4090L/Project/Group10_Zelda_Game/The Tale of Lank/Assets
GfxDevice: creating device client; threaded=0
Direct3D:
    Version:  Direct3D 11.0 [level 11.1]
    Renderer: NVIDIA GeForce RTX 2070 Super with Max-Q Design (ID=0x1e91)
    Vendor:   
    VRAM:     8011 MB
    Driver:   30.0.14.7212
Initialize mono
Mono path[0] = 'C:/Program Files/Unity/Hub/Editor/2020.3.17f1/Editor/Data/Managed'
Mono path[1] = 'C:/Program Files/Unity/Hub/Editor/2020.3.17f1/Editor/Data/MonoBleedingEdge/lib/mono/unityjit'
Mono config path = 'C:/Program Files/Unity/Hub/Editor/2020.3.17f1/Editor/Data/MonoBleedingEdge/etc'
Using monoOptions --debugger-agent=transport=dt_socket,embedding=1,server=y,suspend=n,address=127.0.0.1:56604
Begin MonoManager ReloadAssembly
Registering precompiled unity dll's ...
Register platform support module: C:/Program Files/Unity/Hub/Editor/2020.3.17f1/Editor/Data/PlaybackEngines/WindowsStandaloneSupport/UnityEditor.WindowsStandalone.Extensions.dll
Registered in 0.002102 seconds.
Native extension for WindowsStandalone target not found
Refreshing native plugins compatible for Editor in 49.38 ms, found 3 plugins.
Preloading 0 native plugins for Editor in 0.00 ms.
Mono: successfully reloaded assembly
- Completed reload, in  1.325 seconds
Domain Reload Profiling:
	ReloadAssembly (1325ms)
		BeginReloadAssembly (62ms)
			ExecutionOrderSort (0ms)
			DisableScriptedObjects (0ms)
			BackupInstance (0ms)
			ReleaseScriptingObjects (0ms)
			CreateAndSetChildDomain (1ms)
		EndReloadAssembly (444ms)
			LoadAssemblies (60ms)
			RebuildTransferFunctionScriptingTraits (0ms)
			SetupTypeCache (159ms)
			ReleaseScriptCaches (0ms)
			RebuildScriptCaches (30ms)
			SetupLoadedEditorAssemblies (175ms)
				LogAssemblyErrors (0ms)
				InitializePlatformSupportModulesInManaged (4ms)
				SetLoadedEditorAssemblies (0ms)
				RefreshPlugins (49ms)
				BeforeProcessingInitializeOnLoad (9ms)
				ProcessInitializeOnLoadAttributes (84ms)
				ProcessInitializeOnLoadMethodAttributes (28ms)
				AfterProcessingInitializeOnLoad (0ms)
				EditorAssembliesLoaded (0ms)
			ExecutionOrderSort2 (0ms)
			AwakeInstancesAfterBackupRestoration (0ms)
Platform modules already initialized, skipping
Registering precompiled user dll's ...
Registered in 0.006358 seconds.
Begin MonoManager ReloadAssembly
Native extension for WindowsStandalone target not found
Refreshing native plugins compatible for Editor in 40.67 ms, found 3 plugins.
Preloading 0 native plugins for Editor in 0.00 ms.
Mono: successfully reloaded assembly
- Completed reload, in  1.115 seconds
Domain Reload Profiling:
	ReloadAssembly (1116ms)
		BeginReloadAssembly (133ms)
			ExecutionOrderSort (0ms)
			DisableScriptedObjects (4ms)
			BackupInstance (0ms)
			ReleaseScriptingObjects (0ms)
			CreateAndSetChildDomain (16ms)
		EndReloadAssembly (926ms)
			LoadAssemblies (93ms)
			RebuildTransferFunctionScriptingTraits (0ms)
			SetupTypeCache (264ms)
			ReleaseScriptCaches (0ms)
			RebuildScriptCaches (47ms)
			SetupLoadedEditorAssemblies (406ms)
				LogAssemblyErrors (0ms)
				InitializePlatformSupportModulesInManaged (4ms)
				SetLoadedEditorAssemblies (0ms)
				RefreshPlugins (41ms)
				BeforeProcessingInitializeOnLoad (82ms)
				ProcessInitializeOnLoadAttributes (259ms)
				ProcessInitializeOnLoadMethodAttributes (13ms)
				AfterProcessingInitializeOnLoad (7ms)
				EditorAssembliesLoaded (0ms)
			ExecutionOrderSort2 (0ms)
			AwakeInstancesAfterBackupRestoration (5ms)
Platform modules already initialized, skipping
========================================================================
Worker process is ready to serve import requests
Launched and connected shader compiler UnityShaderCompiler.exe after 0.05 seconds
Refreshing native plugins compatible for Editor in 0.40 ms, found 3 plugins.
Preloading 0 native plugins for Editor in 0.00 ms.
Unloading 2251 Unused Serialized files (Serialized files now loaded: 0)
System memory in use before: 99.0 MB.
System memory in use after: 99.1 MB.

Unloading 29 unused Assets to reduce memory usage. Loaded Objects now: 2689.
Total: 2.841800 ms (FindLiveObjects: 0.191900 ms CreateObjectMapping: 0.090600 ms MarkObjects: 2.483900 ms  DeleteObjects: 0.074500 ms)

AssetImportParameters requested are different than current active one (requested -> active):
  custom:framework-win-MediaFoundation: 216162199b28c13a410421893ffa2e32 -> 
  custom:video-decoder-ogg-theora: a1e56fd34408186e4bbccfd4996cb3dc -> 
  custom:container-muxer-webm: aa71ff27fc2769a1b78a27578f13a17b -> 
  custom:container-demuxer-webm: 4f35f7cbe854078d1ac9338744f61a02 -> 
  custom:container-demuxer-ogg: 62fdf1f143b41e24485cea50d1cbac27 -> 
  custom:video-encoder-webm-vp8: eb34c28f22e8b96e1ab97ce403110664 -> 
  custom:video-codec-MediaFoundation-h265: e54d7ab0439102e2317fc1e4b246158d -> 
  custom:video-decoder-webm-vp8: 9c59270c3fd7afecdb556c50c9e8de78 -> 
  custom:audio-decoder-ogg-vorbis: bf7c407c2cedff20999df2af8eb42d56 -> 
  custom:audio-encoder-webm-vorbis: bf7c407c2cedff20999df2af8eb42d56 -> 
========================================================================
Received Import Request.
  path: Assets/Scripts/Overworld/Tile.cs
  artifactKey: Guid(f46675acc49f8574e9ca362ff0762b32) Importer(815301076,1909f56bfc062723c751e8b465ee728b)
Start importing Assets/Scripts/Overworld/Tile.cs using Guid(f46675acc49f8574e9ca362ff0762b32) Importer(815301076,1909f56bfc062723c751e8b465ee728b)  -> (artifact id: '9bc30caeae0eeac98c3b1f1843574da9') in 0.014030 seconds 
  Import took 0.016850 seconds .

========================================================================
Received Import Request.
  Time since last request: 16.404787 seconds.
  path: Assets/Scripts/Overworld/WorldData.cs
  artifactKey: Guid(f4480f71131b32540ad69681395a628f) Importer(815301076,1909f56bfc062723c751e8b465ee728b)
Start importing Assets/Scripts/Overworld/WorldData.cs using Guid(f4480f71131b32540ad69681395a628f) Importer(815301076,1909f56bfc062723c751e8b465ee728b)  -> (artifact id: '5443bd75d6c3dae89adef94e0a84b0aa') in 0.002245 seconds 
  Import took 0.004881 seconds .

========================================================================
Received Import Request.
  Time since last request: 0.001740 seconds.
  path: Assets/Scripts/Overworld/WorldData.cs
  artifactKey: Guid(f4480f71131b32540ad69681395a628f) Importer(815301076,1909f56bfc062723c751e8b465ee728b)
Start importing Assets/Scripts/Overworld/WorldData.cs using Guid(f4480f71131b32540ad69681395a628f) Importer(815301076,1909f56bfc062723c751e8b465ee728b)  -> (artifact id: '5443bd75d6c3dae89adef94e0a84b0aa') in 0.002370 seconds 
  Import took 0.004863 seconds .

========================================================================
Received Import Request.
  Time since last request: 403.055935 seconds.
  path: Assets/Scripts/Overworld/Chunk.cs
  artifactKey: Guid(cbeb0d70d41f37443b56ca7e715b3c45) Importer(815301076,1909f56bfc062723c751e8b465ee728b)
Start importing Assets/Scripts/Overworld/Chunk.cs using Guid(cbeb0d70d41f37443b56ca7e715b3c45) Importer(815301076,1909f56bfc062723c751e8b465ee728b)  -> (artifact id: '4702c021af4252cade100a9fd10af6a8') in 0.002227 seconds 
  Import took 0.005444 seconds .

========================================================================
Received Import Request.
  Time since last request: 6.242436 seconds.
  path: Assets/Scripts/Overworld/TileEnum.cs
  artifactKey: Guid(63dd03a0fc52f944f8c51313f5b20549) Importer(815301076,1909f56bfc062723c751e8b465ee728b)
Start importing Assets/Scripts/Overworld/TileEnum.cs using Guid(63dd03a0fc52f944f8c51313f5b20549) Importer(815301076,1909f56bfc062723c751e8b465ee728b)  -> (artifact id: '7539b797f1f315d04399b6e5236198c8') in 0.001871 seconds 
  Import took 0.004607 seconds .

========================================================================
Received Import Request.
  Time since last request: 167.354337 seconds.
  path: Assets/Resources/Textures
  artifactKey: Guid(3e3625cd4e30fca4199286631c51384c) Importer(815301076,1909f56bfc062723c751e8b465ee728b)
Start importing Assets/Resources/Textures using Guid(3e3625cd4e30fca4199286631c51384c) Importer(815301076,1909f56bfc062723c751e8b465ee728b)  -> (artifact id: '0eb10d60d57afe727c2bb925da67eeb3') in 0.002181 seconds 
  Import took 0.005399 seconds .

========================================================================
Received Import Request.
  Time since last request: 1.085145 seconds.
  path: Assets/Resources/Textures/Tileset
  artifactKey: Guid(d5ebef72b7e0a00408caf0d96a69b4f4) Importer(815301076,1909f56bfc062723c751e8b465ee728b)
Start importing Assets/Resources/Textures/Tileset using Guid(d5ebef72b7e0a00408caf0d96a69b4f4) Importer(815301076,1909f56bfc062723c751e8b465ee728b)  -> (artifact id: '6454cf8083b24ec7f834ee2e39ef733b') in 0.002422 seconds 
  Import took 0.005239 seconds .

========================================================================
Received Import Request.
  Time since last request: 14.637840 seconds.
  path: Assets/Resources/Music/overworldLttP.mp3
  artifactKey: Guid(3ed5ea0a4fde9624ebd8d1e88127901b) Importer(815301076,1909f56bfc062723c751e8b465ee728b)
Start importing Assets/Resources/Music/overworldLttP.mp3 using Guid(3ed5ea0a4fde9624ebd8d1e88127901b) Importer(815301076,1909f56bfc062723c751e8b465ee728b)  -> (artifact id: '55ede2160827d9f4e8dbaf97c22fdfe2') in 0.059960 seconds 
  Import took 0.062911 seconds .

========================================================================
Received Import Request.
  Time since last request: 2076.283357 seconds.
  path: Assets/Scripts/PlayerMovement.cs
  artifactKey: Guid(9c9c9588e86057c43874517dbc8a3b04) Importer(815301076,1909f56bfc062723c751e8b465ee728b)
Start importing Assets/Scripts/PlayerMovement.cs using Guid(9c9c9588e86057c43874517dbc8a3b04) Importer(815301076,1909f56bfc062723c751e8b465ee728b)  -> (artifact id: 'c97df03861edc991ac71375459181340') in 0.002957 seconds 
  Import took 0.006568 seconds .

